Flow report for pipelined_computer
Tue May 23 21:42:39 2017
Quartus II Version 9.0 Build 132 02/25/2009 SJ Full Version


---------------------
; Table of Contents ;
---------------------
  1. Legal Notice
  2. Flow Summary
  3. Flow Settings
  4. Flow Non-Default Global Settings
  5. Flow Elapsed Time
  6. Flow OS Summary
  7. Flow Log



----------------
; Legal Notice ;
----------------
Copyright (C) 1991-2009 Altera Corporation
Your use of Altera Corporation's design tools, logic functions 
and other software and tools, and its AMPP partner logic 
functions, and any output files from any of the foregoing 
(including device programming or simulation files), and any 
associated documentation or information are expressly subject 
to the terms and conditions of the Altera Program License 
Subscription Agreement, Altera MegaCore Function License 
Agreement, or other applicable license agreement, including, 
without limitation, that your use is for the sole purpose of 
programming logic devices manufactured by Altera and sold by 
Altera or its authorized distributors.  Please refer to the 
applicable agreement for further details.



+-------------------------------------------------------------------------------+
; Flow Summary                                                                  ;
+------------------------------------+------------------------------------------+
; Flow Status                        ; Successful - Tue May 23 21:42:39 2017    ;
; Quartus II Version                 ; 9.0 Build 132 02/25/2009 SJ Full Version ;
; Revision Name                      ; pipelined_computer                       ;
; Top-level Entity Name              ; pipelined_computer                       ;
; Family                             ; Cyclone II                               ;
; Device                             ; EP2C35F672C6                             ;
; Timing Models                      ; Final                                    ;
; Met timing requirements            ; No                                       ;
; Total logic elements               ; 3,856 / 33,216 ( 12 % )                  ;
;     Total combinational functions  ; 3,351 / 33,216 ( 10 % )                  ;
;     Dedicated logic registers      ; 1,622 / 33,216 ( 5 % )                   ;
; Total registers                    ; 1622                                     ;
; Total pins                         ; 111 / 475 ( 23 % )                       ;
; Total virtual pins                 ; 0                                        ;
; Total memory bits                  ; 3,072 / 483,840 ( < 1 % )                ;
; Embedded Multiplier 9-bit elements ; 6 / 70 ( 9 % )                           ;
; Total PLLs                         ; 1 / 4 ( 25 % )                           ;
+------------------------------------+------------------------------------------+


+-----------------------------------------+
; Flow Settings                           ;
+-------------------+---------------------+
; Option            ; Setting             ;
+-------------------+---------------------+
; Start date & time ; 05/23/2017 21:41:31 ;
; Main task         ; Compilation         ;
; Revision Name     ; pipelined_computer  ;
+-------------------+---------------------+


+--------------------------------------------------------------------------------------------------------------------------------------------------------------------------+
; Flow Non-Default Global Settings                                                                                                                                         ;
+------------------------------------+--------------------------------------------------------------------------------------+---------------+-------------+----------------+
; Assignment Name                    ; Value                                                                                ; Default Value ; Entity Name ; Section Id     ;
+------------------------------------+--------------------------------------------------------------------------------------+---------------+-------------+----------------+
; COMPILER_SIGNATURE_ID              ; 24401597456179.149554689007580                                                       ; --            ; --          ; --             ;
; MAX_CORE_JUNCTION_TEMP             ; 85                                                                                   ; --            ; --          ; --             ;
; MIN_CORE_JUNCTION_TEMP             ; 0                                                                                    ; --            ; --          ; --             ;
; MISC_FILE                          ; F:/FPGA LAB resources/Quartus Projects/new_pipelined_computer/pipelined_computer.dpf ; --            ; --          ; --             ;
; PARTITION_COLOR                    ; 16764057                                                                             ; --            ; --          ; Top            ;
; PARTITION_NETLIST_TYPE             ; SOURCE                                                                               ; --            ; --          ; Top            ;
; USE_GENERATED_PHYSICAL_CONSTRAINTS ; Off                                                                                  ; --            ; --          ; eda_blast_fpga ;
+------------------------------------+--------------------------------------------------------------------------------------+---------------+-------------+----------------+


+-----------------------------------------------------------------------------------------------------------------------------+
; Flow Elapsed Time                                                                                                           ;
+-------------------------+--------------+-------------------------+---------------------+------------------------------------+
; Module Name             ; Elapsed Time ; Average Processors Used ; Peak Virtual Memory ; Total CPU Time (on all processors) ;
+-------------------------+--------------+-------------------------+---------------------+------------------------------------+
; Analysis & Synthesis    ; 00:00:30     ; 1.0                     ; 245 MB              ; 00:00:29                           ;
; Fitter                  ; 00:00:29     ; 1.5                     ; 309 MB              ; 00:00:37                           ;
; Assembler               ; 00:00:03     ; 1.0                     ; 268 MB              ; 00:00:03                           ;
; Classic Timing Analyzer ; 00:00:02     ; 1.0                     ; 200 MB              ; 00:00:01                           ;
; Total                   ; 00:01:04     ; --                      ; --                  ; 00:01:10                           ;
+-------------------------+--------------+-------------------------+---------------------+------------------------------------+


+------------------------------------------------------------------------------------------+
; Flow OS Summary                                                                          ;
+-------------------------+------------------+---------------+------------+----------------+
; Module Name             ; Machine Hostname ; OS Name       ; OS Version ; Processor type ;
+-------------------------+------------------+---------------+------------+----------------+
; Analysis & Synthesis    ; hasee-PC         ; Windows Vista ; 6.1        ; x86_64         ;
; Fitter                  ; hasee-PC         ; Windows Vista ; 6.1        ; x86_64         ;
; Assembler               ; hasee-PC         ; Windows Vista ; 6.1        ; x86_64         ;
; Classic Timing Analyzer ; hasee-PC         ; Windows Vista ; 6.1        ; x86_64         ;
+-------------------------+------------------+---------------+------------+----------------+


------------
; Flow Log ;
------------
quartus_map --read_settings_files=on --write_settings_files=off pipelined_computer -c pipelined_computer
quartus_fit --read_settings_files=off --write_settings_files=off pipelined_computer -c pipelined_computer
quartus_asm --read_settings_files=off --write_settings_files=off pipelined_computer -c pipelined_computer
quartus_tan --read_settings_files=off --write_settings_files=off pipelined_computer -c pipelined_computer --timing_analysis_only



